<?xml version="1.0" encoding="UTF-8"?>
<testng-results skipped="0" failed="0" ignored="0" total="3" passed="3">
  <reporter-output>
  </reporter-output>
  <suite name="Default suite" duration-ms="41063" started-at="2020-01-22T11:46:56 IST" finished-at="2020-01-22T11:47:38 IST">
    <groups>
    </groups>
    <test name="Default test" duration-ms="41063" started-at="2020-01-22T11:46:56 IST" finished-at="2020-01-22T11:47:38 IST">
      <class name="Test2.NewTest12">
        <test-method status="PASS" signature="beforeTest()[pri:0, instance:Test2.NewTest12@3cb1ffe6]" name="beforeTest" is-config="true" duration-ms="36334" started-at="2020-01-22T11:46:56 IST" finished-at="2020-01-22T11:47:33 IST">
          <reporter-output>
          </reporter-output>
        </test-method> <!-- beforeTest -->
        <test-method status="PASS" signature="testRegisterLink()[pri:1, instance:Test2.NewTest12@3cb1ffe6]" name="testRegisterLink" duration-ms="966" started-at="2020-01-22T11:47:33 IST" finished-at="2020-01-22T11:47:34 IST">
          <reporter-output>
          </reporter-output>
        </test-method> <!-- testRegisterLink -->
        <test-method status="PASS" signature="testLoginLink()[pri:2, instance:Test2.NewTest12@3cb1ffe6]" name="testLoginLink" duration-ms="792" started-at="2020-01-22T11:47:34 IST" finished-at="2020-01-22T11:47:35 IST">
          <reporter-output>
          </reporter-output>
        </test-method> <!-- testLoginLink -->
        <test-method status="PASS" signature="testLoginButton()[pri:3, instance:Test2.NewTest12@3cb1ffe6]" name="testLoginButton" duration-ms="2211" started-at="2020-01-22T11:47:35 IST" finished-at="2020-01-22T11:47:37 IST">
          <reporter-output>
          </reporter-output>
        </test-method> <!-- testLoginButton -->
        <test-method status="PASS" signature="afetrTest()[pri:0, instance:Test2.NewTest12@3cb1ffe6]" name="afetrTest" is-config="true" duration-ms="700" started-at="2020-01-22T11:47:37 IST" finished-at="2020-01-22T11:47:38 IST">
          <reporter-output>
          </reporter-output>
        </test-method> <!-- afetrTest -->
      </class> <!-- Test2.NewTest12 -->
    </test> <!-- Default test -->
  </suite> <!-- Default suite -->
</testng-results>
