<?xml version="1.0" encoding="UTF-8"?>
<!-- Generated by org.testng.reporters.JUnitXMLReporter -->
<testsuite hostname="CDC2-D-CHHVXJ2" ignored="0" name="Default test" tests="3" failures="0" timestamp="2020-01-22T11:47:38 IST" time="41.063" errors="0">
  <testcase name="testRegisterLink" time="0.966" classname="Test2.NewTest12"/>
  <testcase name="testLoginLink" time="0.792" classname="Test2.NewTest12"/>
  <testcase name="testLoginButton" time="2.211" classname="Test2.NewTest12"/>
</testsuite> <!-- Default test -->
