<?xml version="1.0" encoding="UTF-8"?>
<!-- Generated by org.testng.reporters.JUnitXMLReporter -->
<testsuite hostname="CDC2-D-CHHVXJ2" ignored="0" name="testListener" tests="1" failures="1" timestamp="2020-01-21T14:23:13 IST" time="0.111" errors="0">
  <testcase name="typecard" time="0.061" classname="Test4.Type">
    <failure type="java.lang.IllegalStateException" message="The driver executable does not exist: C:\Users\A08019DIRP_C2C.02.02\eclipse-workspace\Day\src\test\resources\drivers\chromedriver.exe">
      <![CDATA[java.lang.IllegalStateException: The driver executable does not exist: C:\Users\A08019DIRP_C2C.02.02\eclipse-workspace\Day\src\test\resources\drivers\chromedriver.exe
at com.google.common.base.Preconditions.checkState(Preconditions.java:589)
at org.openqa.selenium.remote.service.DriverService.checkExecutable(DriverService.java:154)
at org.openqa.selenium.remote.service.DriverService.findExecutable(DriverService.java:149)
at org.openqa.selenium.chrome.ChromeDriverService.access$000(ChromeDriverService.java:36)
at org.openqa.selenium.chrome.ChromeDriverService$Builder.findDefaultExecutable(ChromeDriverService.java:195)
at org.openqa.selenium.remote.service.DriverService$Builder.build(DriverService.java:389)
at org.openqa.selenium.chrome.ChromeDriverService.createDefaultService(ChromeDriverService.java:118)
at org.openqa.selenium.chrome.ChromeDriver.<init>(ChromeDriver.java:105)
at Test4.Type.typecard(Type.java:14)
at java.util.ArrayList.forEach(Unknown Source)
at java.util.concurrent.FutureTask.run(Unknown Source)
at java.util.concurrent.ThreadPoolExecutor.runWorker(Unknown Source)
at java.util.concurrent.ThreadPoolExecutor$Worker.run(Unknown Source)
at java.lang.Thread.run(Unknown Source)
... Removed 18 stack frames]]>
    </failure>
  </testcase> <!-- typecard -->
</testsuite> <!-- testListener -->
